  Assignment1_test.cpp
z:\cst211\cst211\onedimarray\onedimarray\assignment1_test.cpp(70): warning C4101: 'tests_passed': unreferenced local variable
z:\cst211\cst211\onedimarray\onedimarray\assignment1_test.cpp(100): warning C4101: 'exception': unreferenced local variable
z:\cst211\cst211\onedimarray\onedimarray\assignment1_test.cpp(120): warning C4101: 'exception': unreferenced local variable
z:\cst211\cst211\onedimarray\onedimarray\assignment1_test.cpp(140): warning C4101: 'exception': unreferenced local variable
z:\cst211\cst211\onedimarray\onedimarray\assignment1_test.cpp(440): warning C4101: 'exception': unreferenced local variable
z:\cst211\cst211\onedimarray\onedimarray\assignment1_test.cpp(460): warning C4101: 'exception': unreferenced local variable
z:\cst211\cst211\onedimarray\onedimarray\assignment1_test.cpp(480): warning C4101: 'exception': unreferenced local variable
z:\cst211\cst211\onedimarray\onedimarray\onedimarray.h(83): error C2440: 'throw': cannot convert from 'Exception' to 'Exception'
  z:\cst211\cst211\onedimarray\onedimarray\onedimarray.h(83): note: Cannot copy construct class 'Exception' due to ambiguous copy constructors or no available copy constructor
  z:\cst211\cst211\onedimarray\onedimarray\onedimarray.h(79): note: while compiling class template member function 'OneDimArray<int>::OneDimArray(int,int)'
  z:\cst211\cst211\onedimarray\onedimarray\assignment1_test.cpp(94): note: see reference to function template instantiation 'OneDimArray<int>::OneDimArray(int,int)' being compiled
  z:\cst211\cst211\onedimarray\onedimarray\assignment1_test.cpp(94): note: see reference to class template instantiation 'OneDimArray<int>' being compiled
z:\cst211\cst211\onedimarray\onedimarray\onedimarray.h(175): error C2440: 'throw': cannot convert from 'Exception' to 'Exception'
  z:\cst211\cst211\onedimarray\onedimarray\onedimarray.h(175): note: Cannot copy construct class 'Exception' due to ambiguous copy constructors or no available copy constructor
  z:\cst211\cst211\onedimarray\onedimarray\onedimarray.h(172): note: while compiling class template member function 'int &OneDimArray<int>::operator [](int) const'
  z:\cst211\cst211\onedimarray\onedimarray\assignment1_test.cpp(118): note: see reference to function template instantiation 'int &OneDimArray<int>::operator [](int) const' being compiled
z:\cst211\cst211\onedimarray\onedimarray\onedimarray.h(179): error C2440: 'throw': cannot convert from 'Exception' to 'Exception'
  z:\cst211\cst211\onedimarray\onedimarray\onedimarray.h(179): note: Cannot copy construct class 'Exception' due to ambiguous copy constructors or no available copy constructor
z:\cst211\cst211\onedimarray\onedimarray\onedimarray.h(184): error C2440: 'throw': cannot convert from 'Exception' to 'Exception'
  z:\cst211\cst211\onedimarray\onedimarray\onedimarray.h(184): note: Cannot copy construct class 'Exception' due to ambiguous copy constructors or no available copy constructor
z:\cst211\cst211\onedimarray\onedimarray\onedimarray.h(237): error C2440: 'throw': cannot convert from 'Exception' to 'Exception'
  z:\cst211\cst211\onedimarray\onedimarray\onedimarray.h(237): note: Cannot copy construct class 'Exception' due to ambiguous copy constructors or no available copy constructor
  z:\cst211\cst211\onedimarray\onedimarray\onedimarray.h(234): note: while compiling class template member function 'void OneDimArray<int>::SetLength(int)'
  z:\cst211\cst211\onedimarray\onedimarray\assignment1_test.cpp(98): note: see reference to function template instantiation 'void OneDimArray<int>::SetLength(int)' being compiled
